CRITICAL - 2023-10-01 05:33:18 --> Call to undefined method CodeIgniter\View\View::includeAdmin()
in APPPATH\Views\admin.php on line 1.
 1 SYSTEMPATH\View\View.php(226): include()
 2 SYSTEMPATH\View\View.php(229): CodeIgniter\View\View->CodeIgniter\View\{closure}()
 3 SYSTEMPATH\Common.php(1188): CodeIgniter\View\View->render('admin', [], true)
 4 APPPATH\Controllers\UserController.php(16): view('admin')
 5 SYSTEMPATH\CodeIgniter.php(919): App\Controllers\UserController->adminview()
 6 SYSTEMPATH\CodeIgniter.php(494): CodeIgniter\CodeIgniter->runController(Object(App\Controllers\UserController))
 7 SYSTEMPATH\CodeIgniter.php(353): CodeIgniter\CodeIgniter->handleRequest(null, Object(Config\Cache), false)
 8 FCPATH\index.php(79): CodeIgniter\CodeIgniter->run()
 9 SYSTEMPATH\Commands\Server\rewrite.php(47): require_once('C:\\laragon\\www\\LabAct3\\public\\index.php')
CRITICAL - 2023-10-01 05:38:06 --> Call to undefined method CodeIgniter\View\View::includeAdmin()
in APPPATH\Views\admin.php on line 1.
 1 SYSTEMPATH\View\View.php(226): include()
 2 SYSTEMPATH\View\View.php(229): CodeIgniter\View\View->CodeIgniter\View\{closure}()
 3 SYSTEMPATH\Common.php(1188): CodeIgniter\View\View->render('admin', [], true)
 4 APPPATH\Controllers\UserController.php(16): view('admin')
 5 SYSTEMPATH\CodeIgniter.php(919): App\Controllers\UserController->adminview()
 6 SYSTEMPATH\CodeIgniter.php(494): CodeIgniter\CodeIgniter->runController(Object(App\Controllers\UserController))
 7 SYSTEMPATH\CodeIgniter.php(353): CodeIgniter\CodeIgniter->handleRequest(null, Object(Config\Cache), false)
 8 FCPATH\index.php(79): CodeIgniter\CodeIgniter->run()
 9 SYSTEMPATH\Commands\Server\rewrite.php(47): require_once('C:\\laragon\\www\\LabAct3\\public\\index.php')
